<?xml version="1.0" encoding="UTF-8"?>
<!-- Generated by org.testng.reporters.JUnitReportReporter -->
<testsuite hostname="POOJAYOG" failures="0" tests="1" name="com.Tests.FirstTest" time="7.426" errors="0" timestamp="2021-12-21T17:28:26 GMT" skipped="0">
  <testcase classname="com.Tests.FirstTest" name="TestGoogle" time="7.426"/>
  <system-out/>
</testsuite> <!-- com.Tests.FirstTest -->
