<?xml version="1.0" encoding="UTF-8"?>
<!-- Generated by org.testng.reporters.JUnitReportReporter -->
<testsuite hostname="POOJAYOG" failures="0" tests="3" name="com.hrm.qa.testcases.LoginPageTest" time="16.063" errors="0" timestamp="2022-02-02T11:27:11 GMT" skipped="0">
  <testcase classname="com.hrm.qa.testcases.LoginPageTest" name="verifyloginPageTitleTest" time="4.319"/>
  <system-out/>
  <testcase classname="com.hrm.qa.testcases.LoginPageTest" name="verifyHRMLogoTest" time="4.404"/>
  <system-out/>
  <testcase classname="com.hrm.qa.testcases.LoginPageTest" name="verifyLoginTest" time="7.340"/>
  <system-out/>
</testsuite> <!-- com.hrm.qa.testcases.LoginPageTest -->
